[23:17:41.834][INFO][CraftTweaker-EarlyInit]: CraftTweaker is running on a Minecraft 1.21.1 production server modded with platform Fabric
[23:17:41.845][INFO][CraftTweaker-EarlyInit]: Successfully injected RecipeFS file system
[23:17:48.593][INFO][CraftTweaker-Plugins]: Successfully identified and loaded plugin farmersdelight:crafttweaker_plugin
[23:17:48.595][INFO][CraftTweaker-Plugins]: Successfully identified and loaded plugin crafttweaker:fabric
[23:17:48.601][INFO][CraftTweaker-Plugins]: Successfully identified and loaded plugin crafttweaker:compatibility
[23:17:48.602][INFO][CraftTweaker-Plugins]: Successfully identified and loaded plugin crafttweaker:common
[23:17:49.013][INFO][CraftTweaker]: The following mods have explicit CraftTweaker support, provided through the CraftTweaker compatibility plugin:
[23:17:49.015][INFO][CraftTweaker]: - 'crafttweaker' version '21.0.38'
[23:17:49.015][INFO][CraftTweaker]: - 'farmersdelight' version '1.21.1-3.3.3+refabricated'
[23:17:49.303][INFO][CraftTweaker-ZenCode]: Started loading scripts for loader 'initialize'
[23:17:49.561][INFO][CraftTweaker-ZenCode]: Compiling and executing scripts
[23:17:49.590][INFO][CraftTweaker-ZenCode]: Successfully initialized modules [crafttweaker, expansions]
[23:17:49.681][INFO][CraftTweaker-ZenCode]: Execution for loader 'initialize' completed successfully
[23:18:00.497][INFO][CraftTweaker-ZenCode]: Started loading scripts for loader 'tags'
[23:18:00.548][INFO][CraftTweaker-ZenCode]: Compiling and executing scripts
[23:18:00.583][INFO][CraftTweaker-ZenCode]: Successfully initialized modules [crafttweaker, expansions]
[23:18:00.605][INFO][CraftTweaker-ZenCode]: Execution for loader 'tags' completed successfully
[23:18:01.336][INFO][CraftTweaker]: CraftTweaker reload starting!
[23:18:01.345][INFO][CraftTweaker-ZenCode]: Started loading scripts for loader 'crafttweaker'
[23:18:01.379][INFO][CraftTweaker-ZenCode]: Compiling and executing scripts
[23:18:01.962][INFO][CraftTweaker-ZenCode]: Successfully initialized modules [mods, vanilla/api/network/NetworkContext, vanilla/api/network/NetworkReceiver, crafttweaker, expansions]
[23:18:01.974][INFO][CraftTweaker-ZenCode]: Execution for loader 'crafttweaker' completed successfully
[23:18:01.974][INFO][CraftTweaker]: CraftTweaker reload complete!
