[00:00:02] [Server thread/INFO]: <german1500> dios me anda super mal
[00:00:10] [Server thread/INFO]: <endrxlol> no es solo a ti
[00:00:45] [Server thread/INFO]: Updating Timed Event State; These are basically realtime holidays:
[00:00:45] [Server thread/INFO]: formidulus:ween is in 133 days.
[00:00:45] [Server thread/INFO]: formidulus:solstice_feast is in 187 days.
[00:01:00] [Server thread/INFO]: <german1500> q onda no me anda el f11
[00:01:58] [Worker-Main-5/WARN]: Ignoring unknown attribute 'forge:entity_gravity'
[00:01:58] [Worker-Main-5/WARN]: Ignoring unknown attribute 'forge:entity_gravity'
[00:01:58] [Worker-Main-5/WARN]: Ignoring unknown attribute 'forge:entity_gravity'
[00:03:14] [Server thread/INFO]: <german1500> jaja aldeanos con barba
[00:03:18] [Server thread/INFO]: <german1500> q pedofilos se ven
[00:06:09] [Worker-Main-5/WARN]: Couldn't find template pool reference: minecraft: (Jigsaw block location: 1198, 85, 4978)
[00:06:09] [Worker-Main-5/WARN]: Couldn't find template pool reference: minecraft: (Jigsaw block location: 1196, 85, 4978)
[00:06:09] [Worker-Main-5/WARN]: Couldn't find template pool reference: minecraft: (Jigsaw block location: 1200, 85, 4978)
[00:06:09] [Worker-Main-5/WARN]: Couldn't find template pool reference: minecraft: (Jigsaw block location: 1198, 85, 4976)
[00:06:09] [Worker-Main-5/WARN]: Couldn't find template pool reference: minecraft: (Jigsaw block location: 1198, 85, 4980)
[00:06:09] [Worker-Main-5/WARN]: Couldn't find template pool reference: minecraft: (Jigsaw block location: 1198, 79, 4978)
[00:06:09] [Worker-Main-5/WARN]: Couldn't find template pool reference: minecraft: (Jigsaw block location: 1196, 79, 4978)
[00:06:09] [Worker-Main-5/WARN]: Couldn't find template pool reference: minecraft: (Jigsaw block location: 1200, 79, 4978)
[00:06:09] [Worker-Main-5/WARN]: Couldn't find template pool reference: minecraft: (Jigsaw block location: 1194, 79, 4978)
[00:06:09] [Worker-Main-5/WARN]: Couldn't find template pool reference: minecraft: (Jigsaw block location: 1202, 79, 4978)
[00:11:18] [Server thread/INFO]: Villager class_1646['Butcher'/9673, l='ServerLevel[world]', x=1043.70, y=63.00, z=4668.12] died, message: 'Butcher was slain by Zombie'
[00:12:19] [Server thread/INFO]: <german1500> ahh una torre de pillagers
[00:12:24] [Server thread/INFO]: <german1500> por eso spawnean a cada rato
[00:12:25] [Server thread/INFO]: <endrxlol> ahhh
[00:12:27] [Server thread/INFO]: <endrxlol> voy
[00:13:25] [Server thread/INFO]: <german1500> otra piedra para viajar
[00:13:35] [Server thread/INFO]: <endrxlol> que hace esto?
[00:13:45] [Server thread/INFO]: <german1500> se usan para poder viajar de piedra en piedra
[00:13:50] [Server thread/INFO]: <german1500> yo tengo unas cuantas guardadas
[00:13:55] [Server thread/INFO]: <endrxlol> wau
[00:14:18] [Server thread/INFO]: <german1500> durmamos
[00:14:26] [Server thread/INFO]: <german1500> asi tradeo con aldiano
[00:14:44] [Server thread/INFO]: <endrxlol> dale
[00:14:48] [Server thread/INFO]: <german1500> banca
[00:14:52] [Server thread/INFO]: <german1500> no me dejan la cama
[00:18:52] [Server thread/INFO]: <german1500> lag
[00:18:52] [Server thread/INFO]: <german1500> laag
[00:21:35] [Server thread/INFO]: <german1500> a comer puerca
[00:21:36] [Server thread/INFO]: <german1500> veni
[00:28:41] [Server thread/INFO]: <german1500> gorda
[00:28:43] [Server thread/INFO]: <german1500> vamos
[00:28:45] [Server thread/INFO]: <german1500> a la guerra
[00:28:46] [Server thread/INFO]: <endrxlol> a donde
[00:28:46] [Server thread/INFO]: <german1500> veni
[00:28:54] [Server thread/INFO]: <endrxlol> espera
[00:29:29] [Server thread/INFO]: german1500 has made the advancement [Behind bars]
[00:29:49] [Server thread/INFO]: endrxlol has made the advancement [Behind bars]
[00:34:14] [Server thread/INFO]: <german1500> un re lag
[00:34:46] [Server thread/INFO]: <german1500> tenemo que encontrar un boss
[00:37:32] [Server thread/INFO]: Unknown or incomplete command, see below for error
[00:37:32] [Server thread/INFO]: say<--[HERE]
[00:37:40] [Server thread/INFO]: [Server] les molesta si reinicio el sv para q ande mejol?
[00:37:45] [Server thread/INFO]: <german1500> queres una lanza de ruby?
[00:37:51] [Server thread/INFO]: <german1500> papo gil yo partirte gorra
[00:38:02] [Server thread/INFO]: <endrxlol> si quiero una lanza
[00:38:11] [Server thread/INFO]: <endrxlol> por mi si papo
[00:38:12] [Server thread/INFO]: <german1500> veni y agarramela beibi
[00:38:15] [Server thread/INFO]: <german1500> toma
[00:38:22] [Server thread/INFO]: <german1500> dale papo
[00:38:27] [Server thread/INFO]: <german1500> dsp seguimos buscando el boss
[00:38:38] [Server thread/INFO]: <german1500> zarpada espada tengo
[00:38:49] [Server thread/INFO]: <german1500> la tengo re grande
[00:39:11] [Server thread/INFO]: <endrxlol> dejame algo a mi
[00:39:17] [Server thread/INFO]: <endrxlol> mirame como ando
[00:39:24] [Server thread/INFO]: <german1500> gordito pobre
[00:41:42] [Server thread/INFO]: <german1500> mira gordito
[00:41:51] [Server thread/INFO]: <german1500> para vos
[00:41:54] [Server thread/INFO]: <endrxlol> a la mierda
[00:41:57] [Server thread/INFO]: <endrxlol> gracias
[00:42:18] [Server thread/INFO]: <german1500> asi no te me pones exijente
[00:42:25] [Server thread/INFO]: <endrxlol> son una verga
[00:42:33] [Server thread/INFO]: <german1500> las armitas?
[00:42:38] [Server thread/INFO]: <endrxlol> a no
[00:42:42] [Server thread/INFO]: <german1500> la lanza es buena
[00:42:49] [Server thread/INFO]: <german1500> y la hacha rara tiene efectos
